<?xml version="1.0" encoding="UTF-8"?>
<testsuites name="Tests" tests="13" failures="1" errors="0" time="44.238">
  <testsuite name="src/ws/winktoken.route.spec.ts" errors="0" failures="1" skipped="9" timestamp="2022-06-29T16:12:09" time="42.692" tests="10">
    <testcase classname="Route /ws_winktoken › Positive Test Cases › WS wss://app-payfaveuserservice-dev-001.azurewebsites.net/ws_winktoken/123/true/true-Should return type 0 after sending face and audio correctly." name="Route /ws_winktoken › Positive Test Cases › WS wss://app-payfaveuserservice-dev-001.azurewebsites.net/ws_winktoken/123/true/true-Should return type 0 after sending face and audio correctly." time="0">
      <skipped/>
    </testcase>
    <testcase classname="Route /ws_winktoken › Positive Test Cases › WS wss://app-payfaveuserservice-dev-001.azurewebsites.net/ws_winktoken/123/true/true-Should return type 0 after sending face only correctly." name="Route /ws_winktoken › Positive Test Cases › WS wss://app-payfaveuserservice-dev-001.azurewebsites.net/ws_winktoken/123/true/true-Should return type 0 after sending face only correctly." time="0">
      <skipped/>
    </testcase>
    <testcase classname="Route /ws_winktoken › Positive Test Cases › WS wss://app-payfaveuserservice-dev-001.azurewebsites.net/ws_winktoken/123/true/true-Should return type 3 having a device after sending face and audio with quality between 0.5 and 0.8." name="Route /ws_winktoken › Positive Test Cases › WS wss://app-payfaveuserservice-dev-001.azurewebsites.net/ws_winktoken/123/true/true-Should return type 3 having a device after sending face and audio with quality between 0.5 and 0.8." time="0">
      <skipped/>
    </testcase>
    <testcase classname="Route /ws_winktoken › Positive Test Cases › WS wss://app-payfaveuserservice-dev-001.azurewebsites.net/ws_winktoken/123/true/true-Should return type 10 after sending face and audio with quality less than 0.5 and no device." name="Route /ws_winktoken › Positive Test Cases › WS wss://app-payfaveuserservice-dev-001.azurewebsites.net/ws_winktoken/123/true/true-Should return type 10 after sending face and audio with quality less than 0.5 and no device." time="40.003">
      <failure>Error: thrown: &quot;Exceeded timeout of 40000 ms for a test.
Use jest.setTimeout(newTimeout) to increase the timeout value, if this is a long-running test.&quot;
    at /home/vsts/work/1/s/src/ws/winktoken.route.spec.ts:148:16
    at _dispatchDescribe (/home/vsts/work/1/s/node_modules/jest-circus/build/index.js:105:26)
    at describe (/home/vsts/work/1/s/node_modules/jest-circus/build/index.js:60:5)
    at /home/vsts/work/1/s/src/ws/winktoken.route.spec.ts:55:9
    at _dispatchDescribe (/home/vsts/work/1/s/node_modules/jest-circus/build/index.js:105:26)
    at describe (/home/vsts/work/1/s/node_modules/jest-circus/build/index.js:60:5)
    at /home/vsts/work/1/s/src/ws/winktoken.route.spec.ts:54:5
    at _dispatchDescribe (/home/vsts/work/1/s/node_modules/jest-circus/build/index.js:105:26)
    at describe (/home/vsts/work/1/s/node_modules/jest-circus/build/index.js:60:5)
    at Object.&lt;anonymous&gt; (/home/vsts/work/1/s/src/ws/winktoken.route.spec.ts:17:1)</failure>
    </testcase>
    <testcase classname="Route /ws_winktoken › Positive Test Cases › WS wss://app-payfaveuserservice-dev-001.azurewebsites.net/ws_winktoken/123/true/true-Should return type 3 after sending face and audio with quality less than 0.5 and previously resgistered device." name="Route /ws_winktoken › Positive Test Cases › WS wss://app-payfaveuserservice-dev-001.azurewebsites.net/ws_winktoken/123/true/true-Should return type 3 after sending face and audio with quality less than 0.5 and previously resgistered device." time="0">
      <skipped/>
    </testcase>
    <testcase classname="Route /ws_winktoken › Positive Test Cases › WS wss://app-payfaveuserservice-dev-001.azurewebsites.net/ws_winktoken/0/true/true-Should return type 4 not having a device after sending face and audio with quality between 0.5 and 0.8." name="Route /ws_winktoken › Positive Test Cases › WS wss://app-payfaveuserservice-dev-001.azurewebsites.net/ws_winktoken/0/true/true-Should return type 4 not having a device after sending face and audio with quality between 0.5 and 0.8." time="0">
      <skipped/>
    </testcase>
    <testcase classname="Route /ws_winktoken › Positive Test Cases › WS wss://app-payfaveuserservice-dev-001.azurewebsites.net/ws_winktoken/123/true/false-Should return type 10 after sending face with quality between 0.5 and 0.8 and no audio." name="Route /ws_winktoken › Positive Test Cases › WS wss://app-payfaveuserservice-dev-001.azurewebsites.net/ws_winktoken/123/true/false-Should return type 10 after sending face with quality between 0.5 and 0.8 and no audio." time="0">
      <skipped/>
    </testcase>
    <testcase classname="Route /ws_winktoken › Negative Test Cases › WS wss://app-payfaveuserservice-dev-001.azurewebsites.net/ws_winktoken/123/true/true-Should return &quot;Failure to read video file.&quot; error message after sending invalid face and audio data." name="Route /ws_winktoken › Negative Test Cases › WS wss://app-payfaveuserservice-dev-001.azurewebsites.net/ws_winktoken/123/true/true-Should return &quot;Failure to read video file.&quot; error message after sending invalid face and audio data." time="0">
      <skipped/>
    </testcase>
    <testcase classname="Route /ws_winktoken › Negative Test Cases › WS wss://app-payfaveuserservice-dev-001.azurewebsites.net/ws_winktoken/0/true/true-Should return &quot;Failure to read video file.&quot; error message after sending invalid face and audio data." name="Route /ws_winktoken › Negative Test Cases › WS wss://app-payfaveuserservice-dev-001.azurewebsites.net/ws_winktoken/0/true/true-Should return &quot;Failure to read video file.&quot; error message after sending invalid face and audio data." time="0">
      <skipped/>
    </testcase>
    <testcase classname="Route /ws_winktoken › Negative Test Cases › WS wss://app-payfaveuserservice-dev-001.azurewebsites.net/ws_winktoken/123/true/false-Should return &quot;Failure to read video file.&quot; error message after sending invalid face and audio data." name="Route /ws_winktoken › Negative Test Cases › WS wss://app-payfaveuserservice-dev-001.azurewebsites.net/ws_winktoken/123/true/false-Should return &quot;Failure to read video file.&quot; error message after sending invalid face and audio data." time="0">
      <skipped/>
    </testcase>
  </testsuite>
  <testsuite name="src/user.route.spec.ts" errors="0" failures="0" skipped="0" timestamp="2022-06-29T16:12:52" time="1.175" tests="2">
    <testcase classname="Route /User › Positive Test Cases › GET /User?FaceId={FaceId}-Should return valid data after sending valid Face IDs." name="Route /User › Positive Test Cases › GET /User?FaceId={FaceId}-Should return valid data after sending valid Face IDs." time="0.015">
    </testcase>
    <testcase classname="Route /User › Negative Test Cases › GET /User?FaceId=1-Should return no data found after sending invalid Face ID." name="Route /User › Negative Test Cases › GET /User?FaceId=1-Should return no data found after sending invalid Face ID." time="0.167">
    </testcase>
  </testsuite>
  <testsuite name="src/shipping.route.spec.ts" errors="0" failures="0" skipped="0" timestamp="2022-06-29T16:12:53" time="0.283" tests="1">
    <testcase classname="Route /Shipping › Negative Test Cases › GET /Shipping?visitorId=1-Should return no data found after sending invalid FaceId." name="Route /Shipping › Negative Test Cases › GET /Shipping?visitorId=1-Should return no data found after sending invalid FaceId." time="0.073">
    </testcase>
  </testsuite>
</testsuites>